2025-02-28 16:57:49 INFO  movie.MovieApplication.logStarting Starting MovieApplication using Java 17.0.10 with PID 19744 (C:\Users\ADMIN88\Desktop\DESTOP_F\DEFTY_MOVIE\target\classes started by ADMIN88 in C:\Users\ADMIN88\Desktop\DESTOP_F\DEFTY_MOVIE)
2025-02-28 16:57:49 INFO  movie.MovieApplication.logStartupProfileInfo The following 1 profile is active: "dev"
2025-02-28 16:57:51 INFO  config.RepositoryConfigurationDelegate.registerRepositoriesIn Bootstrapping Spring Data JPA repositories in DEFAULT mode.
2025-02-28 16:57:51 INFO  config.RepositoryConfigurationDelegate.registerRepositoriesIn Finished Spring Data repository scanning in 98 ms. Found 19 JPA repository interfaces.
2025-02-28 16:57:51 INFO  tomcat.TomcatWebServer.initialize Tomcat initialized with port 8088 (http)
2025-02-28 16:57:51 INFO  http11.Http11NioProtocol.log Initializing ProtocolHandler ["http-nio-8088"]
2025-02-28 16:57:51 INFO  core.StandardService.log Starting service [Tomcat]
2025-02-28 16:57:51 INFO  core.StandardEngine.log Starting Servlet engine: [Apache Tomcat/10.1.30]
2025-02-28 16:57:51 INFO  [localhost].[/].log Initializing Spring embedded WebApplicationContext
2025-02-28 16:57:51 INFO  context.ServletWebServerApplicationContext.prepareWebApplicationContext Root WebApplicationContext: initialization completed in 1863 ms
2025-02-28 16:57:51 INFO  util.LogHelper.logPersistenceUnitInformation HHH000204: Processing PersistenceUnitInfo [name: default]
2025-02-28 16:57:52 INFO  hibernate.Version.logVersion HHH000412: Hibernate ORM core version 6.5.3.Final
2025-02-28 16:57:52 INFO  internal.RegionFactoryInitiator.initiateService HHH000026: Second-level cache disabled
2025-02-28 16:57:52 INFO  persistenceunit.SpringPersistenceUnitInfo.addTransformer No LoadTimeWeaver setup: ignoring JPA class transformer
2025-02-28 16:57:52 INFO  hikari.HikariDataSource.getConnection HikariPool-1 - Starting...
2025-02-28 16:57:52 INFO  pool.HikariPool.checkFailFast HikariPool-1 - Added connection com.mysql.cj.jdbc.ConnectionImpl@3465edf9
2025-02-28 16:57:52 INFO  hikari.HikariDataSource.getConnection HikariPool-1 - Start completed.
2025-02-28 16:57:52 WARN  orm.deprecation.constructDialect HHH90000025: MySQL8Dialect does not need to be specified explicitly using 'hibernate.dialect' (remove the property setting and it will be selected by default)
2025-02-28 16:57:52 WARN  orm.deprecation.logSelectedDialect HHH90000026: MySQL8Dialect has been deprecated; use org.hibernate.dialect.MySQLDialect instead
2025-02-28 16:57:53 INFO  internal.JtaPlatformInitiator.initiateService HHH000489: No JTA platform available (set 'hibernate.transaction.jta.platform' to enable JTA platform integration)
2025-02-28 16:57:54 INFO  jpa.LocalContainerEntityManagerFactoryBean.buildNativeEntityManagerFactory Initialized JPA EntityManagerFactory for persistence unit 'default'
2025-02-28 16:57:54 INFO  query.QueryEnhancerFactory.<clinit> Hibernate is in classpath; If applicable, HQL parser will be used.
2025-02-28 16:57:55 INFO  configuration.InitializeAuthenticationProviderBeanManagerConfigurer$InitializeAuthenticationProviderManagerConfigurer.configure Global AuthenticationManager configured with AuthenticationProvider bean with name authenticationProvider
2025-02-28 16:57:55 WARN  configuration.InitializeUserDetailsBeanManagerConfigurer$InitializeUserDetailsManagerConfigurer.configure Global AuthenticationManager configured with an AuthenticationProvider bean. UserDetailsService beans will not be used for username/password login. Consider removing the AuthenticationProvider bean. Alternatively, consider using the UserDetailsService in a manually instantiated DaoAuthenticationProvider.
2025-02-28 16:57:56 WARN  jpa.JpaBaseConfiguration$JpaWebConfiguration.openEntityManagerInViewInterceptor spring.jpa.open-in-view is enabled by default. Therefore, database queries may be performed during view rendering. Explicitly configure spring.jpa.open-in-view to disable this warning
2025-02-28 16:57:56 INFO  http11.Http11NioProtocol.log Starting ProtocolHandler ["http-nio-8088"]
2025-02-28 16:57:56 INFO  tomcat.TomcatWebServer.start Tomcat started on port 8088 (http) with context path '/'
2025-02-28 16:57:56 INFO  movie.MovieApplication.logStarted Started MovieApplication in 7.327 seconds (process running for 8.568)
2025-02-28 16:57:58 INFO  [localhost].[/].log Initializing Spring DispatcherServlet 'dispatcherServlet'
2025-02-28 16:57:58 INFO  servlet.DispatcherServlet.initServletBean Initializing Servlet 'dispatcherServlet'
2025-02-28 16:57:58 INFO  servlet.DispatcherServlet.initServletBean Completed initialization in 2 ms
2025-02-28 16:57:58 INFO  impl.RefreshTokenService.deleteExistingToken REFRESH_TOKEN | Deleted existing refresh token for account admin
2025-02-28 16:57:58 INFO  impl.RefreshTokenService.saveRefreshToken REFRESH_TOKEN | Created refresh token for account
2025-02-28 16:57:58 INFO  impl.RefreshTokenService.createRefreshToken REFRESH_TOKEN | Created refresh token for account
2025-02-28 16:57:58 INFO  utils.CookieUtil.create COOKIE | Creating cookie: name=access_token, value=eyJhbGciOiJIUzI1NiJ9.eyJ1c2VybmFtZSI6ImFkbWluIiwic3ViIjoiYWRtaW4iLCJleHAiOjE3NDA3MzcyNzh9.tV5LnGt76Zs2b2eccZxvdwh7OH19L-ME8qT5kUrDJ5s, httpOnly=true, secure=true, maxAge=600, path=/
2025-02-28 16:57:58 INFO  utils.CookieUtil.create COOKIE | Creating cookie: name=refresh_token, value=bc2e01b7-c518-46ce-af0d-580307a4dca3, httpOnly=true, secure=true, maxAge=604800, path=/
2025-02-28 16:57:58 INFO  admin.AuthController.login AUTH | Login success
2025-02-28 16:58:05 INFO  utils.CookieUtil.getValue COOKIE | Cookie found: name=access_token, value=eyJhbGciOiJIUzI1NiJ9.eyJ1c2VybmFtZSI6ImFkbWluIiwic3ViIjoiYWRtaW4iLCJleHAiOjE3NDA3MzcyNzh9.tV5LnGt76Zs2b2eccZxvdwh7OH19L-ME8qT5kUrDJ5s
2025-02-28 16:58:10 INFO  utils.CookieUtil.getValue COOKIE | Cookie found: name=access_token, value=eyJhbGciOiJIUzI1NiJ9.eyJ1c2VybmFtZSI6ImFkbWluIiwic3ViIjoiYWRtaW4iLCJleHAiOjE3NDA3MzcyNzh9.tV5LnGt76Zs2b2eccZxvdwh7OH19L-ME8qT5kUrDJ5s
2025-02-28 16:59:53 INFO  jpa.LocalContainerEntityManagerFactoryBean.destroy Closing JPA EntityManagerFactory for persistence unit 'default'
2025-02-28 16:59:53 INFO  hikari.HikariDataSource.close HikariPool-1 - Shutdown initiated...
2025-02-28 16:59:53 INFO  hikari.HikariDataSource.close HikariPool-1 - Shutdown completed.
